# configure exec: ./configure --prefix=/home/linux/Documents/github/kafka-smarthome/node_modules/node-rdkafka/build/deps --libdir=/home/linux/Documents/github/kafka-smarthome/node_modules/node-rdkafka/build/deps --prefix=/home/linux/Documents/github/kafka-smarthome/node_modules/node-rdkafka/build/deps --libdir=/home/linux/Documents/github/kafka-smarthome/node_modules/node-rdkafka/build/deps
# On Tue  6 Feb 18:42:53 GMT 2024
DBG 68708: Setting distro (distro) status to ok (action ignore)
DBG 68708: ccenv: WITH_CC:  --version failed: mklove/modules/configure.base: line 1824: --version: command not found
DBG 68708: Setting ccenv (ccenv) status to failed (action cont)
DBG 68708: Check ccenv (WITH_CC, action cont (originally cont)) failed: command ' --version' failed:
mklove/modules/configure.base: line 1824: --version: command not found
DBG 68708: Setting gcc (gcc) status to ok (action cont)
DBG 68708: cxxenv: WITH_CXX:  --version failed: mklove/modules/configure.base: line 1824: --version: command not found
DBG 68708: Setting cxxenv (cxxenv) status to failed (action cont)
DBG 68708: Check cxxenv (WITH_CXX, action cont (originally cont)) failed: command ' --version' failed:
mklove/modules/configure.base: line 1824: --version: command not found
DBG 68708: Setting gxx (gxx) status to ok (action cont)
DBG 68708: Setting ld (ld) status to ok (action disable)
DBG 68708: Setting nm (nm) status to ok (action disable)
DBG 68708: Setting objdump (objdump) status to ok (action disable)
DBG 68708: Setting strip (strip) status to ok (action disable)
DBG 68708: libtool: : libtool is not executable: 
DBG 68708: Setting libtool (libtool) status to failed (action disable)
DBG 68708: Check libtool (, action disable (originally disable)) failed: libtool is not executable
DBG 68708: Setting ranlib (ranlib) status to ok (action disable)
DBG 68708: pkgconfig: WITH_PKGCONFIG: pkg-config --version failed: mklove/modules/configure.base: line 1824: pkg-config: command not found
DBG 68708: Setting pkgconfig (pkgconfig) status to failed (action cont)
DBG 68708: Check pkgconfig (WITH_PKGCONFIG, action cont (originally cont)) failed: command 'pkg-config --version' failed:
mklove/modules/configure.base: line 1824: pkg-config: command not found
DBG 68708: Setting install (install) status to ok (action cont)
DBG 68708: Setting gnuar (gnuar) status to ok (action disable)
DBG 68708: Compile check PIC (HAVE_PIC) (sub=0): gcc  -g -O2 -Wall -Werror _mkltmpZDhvkE.c -o _mkltmpZDhvkE.c.o  -L/home/linux/Documents/github/kafka-smarthome/node_modules/node-rdkafka/build/deps -fPIC 
DBG 68708: Setting PIC (PIC) status to ok (action disable)
DBG 68708: Compile check gnulib (WITH_GNULD) (sub=0): gcc  -g -O2 -fPIC -Wall -Werror _mkltmpRpr18y.c -o _mkltmpRpr18y.c.o  -L/home/linux/Documents/github/kafka-smarthome/node_modules/node-rdkafka/build/deps -shared -Wl,-soname,mkltest.0 
DBG 68708: Setting gnulib (gnulib) status to ok (action cont)
DBG 68708: Compile check ldsflagvs () (sub=0): gcc  -g -O2 -fPIC -Wall -Werror _mkltmpXC27YR.c -o _mkltmpXC27YR.c.o  -L/home/linux/Documents/github/kafka-smarthome/node_modules/node-rdkafka/build/deps -shared -Wl,--version-script=_mkltmpKsLAJn 
DBG 68708: Setting ldsflagvs (ldsflagvs) status to ok (action cont)
DBG 68708: Compile check __atomic_32 (HAVE_ATOMICS_32) (sub=0): gcc  -g -O2 -fPIC -Wall -Werror _mkltmpHgT8LD.c -o _mkltmpHgT8LD.c.o  -L/home/linux/Documents/github/kafka-smarthome/node_modules/node-rdkafka/build/deps  
DBG 68708: Setting __atomic_32 (__atomic_32) status to ok (action cont)
DBG 68708: Compile check __atomic_64 (HAVE_ATOMICS_64) (sub=0): gcc  -g -O2 -fPIC -Wall -Werror _mkltmp73Losz.c -o _mkltmp73Losz.c.o  -L/home/linux/Documents/github/kafka-smarthome/node_modules/node-rdkafka/build/deps  
DBG 68708: Setting __atomic_64 (__atomic_64) status to ok (action cont)
DBG 68708: Compile check socket () (sub=0): gcc  -g -O2 -fPIC -Wall -Wsign-compare -Wfloat-equal -Wpointer-arith -Wcast-align -Wall -Werror _mkltmpgWk49M.c -o _mkltmpgWk49M.c.o  -L/home/linux/Documents/github/kafka-smarthome/node_modules/node-rdkafka/build/deps  
DBG 68708: Setting socket (socket) status to ok (action cont)
DBG 68708: Setting parseversion (parseversion) status to ok (action cont)
DBG 68708: librt: Check for static library (libs -lrt, arfile variable STATIC_LIB_librt=, static filenames )
DBG 68708: Compile check librt () (sub=0): gcc  -g -O2 -fPIC -Wall -Wsign-compare -Wfloat-equal -Wpointer-arith -Wcast-align -Wall -Werror _mkltmpBSTXvR.c -o _mkltmpBSTXvR.c.o  -L/home/linux/Documents/github/kafka-smarthome/node_modules/node-rdkafka/build/deps -lrt 
DBG 68708: Setting librt (librt) status to ok (action cont)
DBG 68708: librt: from lib_check: LIBS: prepend -lrt
DBG 68708: libpthread: Check for static library (libs -lpthread, arfile variable STATIC_LIB_libpthread=, static filenames )
DBG 68708: Compile check libpthread () (sub=0): gcc  -g -O2 -fPIC -Wall -Wsign-compare -Wfloat-equal -Wpointer-arith -Wcast-align -Wall -Werror _mkltmp7zPCnG.c -o _mkltmp7zPCnG.c.o  -L/home/linux/Documents/github/kafka-smarthome/node_modules/node-rdkafka/build/deps -lpthread -lrt
DBG 68708: Setting libpthread (libpthread) status to ok (action fail)
DBG 68708: libpthread: from lib_check: LIBS: prepend -lpthread
DBG 68708: c11threads: Check for static library (libs -lpthread -lrt, arfile variable STATIC_LIB_c11threads=, static filenames )
DBG 68708: Compile check c11threads (WITH_C11THREADS) (sub=0): gcc  -g -O2 -fPIC -Wall -Wsign-compare -Wfloat-equal -Wpointer-arith -Wcast-align -Wall -Werror _mkltmpvCTzw5.c -o _mkltmpvCTzw5.c.o  -L/home/linux/Documents/github/kafka-smarthome/node_modules/node-rdkafka/build/deps -lpthread -lrt -lpthread -lrt
DBG 68708: Setting c11threads (c11threads) status to ok (action disable)
DBG 68708: c11threads: from lib_check: LIBS: prepend -lpthread -lrt
DBG 68708: libdl: Check for static library (libs -ldl, arfile variable STATIC_LIB_libdl=, static filenames )
DBG 68708: Compile check libdl (WITH_LIBDL) (sub=0): gcc  -g -O2 -fPIC -Wall -Wsign-compare -Wfloat-equal -Wpointer-arith -Wcast-align -Wall -Werror _mkltmp8SUzba.c -o _mkltmp8SUzba.c.o  -L/home/linux/Documents/github/kafka-smarthome/node_modules/node-rdkafka/build/deps -ldl -lpthread -lrt -lpthread -lrt
DBG 68708: Setting libdl (libdl) status to ok (action disable)
DBG 68708: libdl: from lib_check: LIBS: prepend -ldl
DBG 68708: zlib: Check for static library (libs -lz, arfile variable STATIC_LIB_zlib=, static filenames libz.a)
DBG 68708: Compile check zlib (WITH_ZLIB) (sub=0): gcc  -g -O2 -fPIC -Wall -Wsign-compare -Wfloat-equal -Wpointer-arith -Wcast-align -Wall -Werror _mkltmpnVSAqO.c -o _mkltmpnVSAqO.c.o  -L/home/linux/Documents/github/kafka-smarthome/node_modules/node-rdkafka/build/deps -lz -ldl -lpthread -lrt -lpthread -lrt
DBG 68708: Setting zlib (zlib) status to ok (action disable)
DBG 68708: zlib: from lib_check: LIBS: prepend -lz
DBG 68708: libcrypto: Check for static library (libs -lcrypto, arfile variable STATIC_LIB_libcrypto=, static filenames libcrypto.a)
DBG 68708: Compile check libcrypto () (sub=0): gcc  -g -O2 -fPIC -Wall -Wsign-compare -Wfloat-equal -Wpointer-arith -Wcast-align -Wall -Werror _mkltmpHadr3x.c -o _mkltmpHadr3x.c.o  -L/home/linux/Documents/github/kafka-smarthome/node_modules/node-rdkafka/build/deps -lcrypto -lz -ldl -lpthread -lrt -lpthread -lrt
DBG 68708: Setting libcrypto (libcrypto) status to ok (action disable)
DBG 68708: libcrypto: from lib_check: LIBS: prepend -lcrypto
DBG 68708: libssl: Check for static library (libs -lssl -lcrypto, arfile variable STATIC_LIB_libssl=, static filenames libssl.a)
DBG 68708: Compile check libssl (WITH_SSL) (sub=0): gcc  -g -O2 -fPIC -Wall -Wsign-compare -Wfloat-equal -Wpointer-arith -Wcast-align -Wall -Werror _mkltmpVHxn1n.c -o _mkltmpVHxn1n.c.o  -L/home/linux/Documents/github/kafka-smarthome/node_modules/node-rdkafka/build/deps -lssl -lcrypto -lcrypto -lz -ldl -lpthread -lrt -lpthread -lrt
DBG 68708: Setting libssl (libssl) status to ok (action disable)
DBG 68708: libssl: from lib_check: LIBS: prepend -lssl -lcrypto
DBG 68708: Compile check libcrypto () (sub=1): gcc  -g -O2 -fPIC -Wall -Wsign-compare -Wfloat-equal -Wpointer-arith -Wcast-align -Wall -Werror _mkltmpuM7Fid.c -o _mkltmpuM7Fid.c.o  -L/home/linux/Documents/github/kafka-smarthome/node_modules/node-rdkafka/build/deps -lcrypto -lssl -lcrypto -lcrypto -lz -ldl -lpthread -lrt -lpthread -lrt
DBG 68708: compile check for libcrypto () failed: gcc  -g -O2 -fPIC -Wall -Wsign-compare -Wfloat-equal -Wpointer-arith -Wcast-align -Wall -Werror _mkltmpuM7Fid.c -o _mkltmpuM7Fid.c.o  -L/home/linux/Documents/github/kafka-smarthome/node_modules/node-rdkafka/build/deps -lcrypto -lssl -lcrypto -lcrypto -lz -ldl -lpthread -lrt -lpthread -lrt: _mkltmpuM7Fid.c:4:2: error: #error "OpenSSL version >= v3.0.0 needs OPENSSL_SUPPRESS_DEPRECATED"
    4 | #error "OpenSSL version >= v3.0.0 needs OPENSSL_SUPPRESS_DEPRECATED"
      |  ^~~~~
DBG 68708: libsasl2: Check for static library (libs -lsasl2, arfile variable STATIC_LIB_libsasl2=, static filenames )
DBG 68708: Compile check libsasl2 (WITH_SASL_CYRUS) (sub=0): gcc  -g -O2 -fPIC -Wall -Wsign-compare -Wfloat-equal -Wpointer-arith -Wcast-align -Wall -Werror _mkltmpipHAz8.c -o _mkltmpipHAz8.c.o  -L/home/linux/Documents/github/kafka-smarthome/node_modules/node-rdkafka/build/deps -lsasl2 -lssl -lcrypto -lcrypto -lz -ldl -lpthread -lrt -lpthread -lrt
DBG 68708: compile check for libsasl2 (WITH_SASL_CYRUS) failed: gcc  -g -O2 -fPIC -Wall -Wsign-compare -Wfloat-equal -Wpointer-arith -Wcast-align -Wall -Werror _mkltmpipHAz8.c -o _mkltmpipHAz8.c.o  -L/home/linux/Documents/github/kafka-smarthome/node_modules/node-rdkafka/build/deps -lsasl2 -lssl -lcrypto -lcrypto -lz -ldl -lpthread -lrt -lpthread -lrt: _mkltmpipHAz8.c:3:10: fatal error: sasl/sasl.h: No such file or directory
    3 | #include <sasl/sasl.h>
      |          ^~~~~~~~~~~~~
compilation terminated.
DBG 68708: Setting libsasl2 (libsasl2) status to failed (action disable)
DBG 68708: Check libsasl2 (WITH_SASL_CYRUS, action disable (originally disable)) failed: compile check failed:
CC: CC
flags: -lsasl2
gcc  -g -O2 -fPIC -Wall -Wsign-compare -Wfloat-equal -Wpointer-arith -Wcast-align -Wall -Werror _mkltmpipHAz8.c -o _mkltmpipHAz8.c.o  -L/home/linux/Documents/github/kafka-smarthome/node_modules/node-rdkafka/build/deps -lsasl2 -lssl -lcrypto -lcrypto -lz -ldl -lpthread -lrt -lpthread -lrt:
_mkltmpipHAz8.c:3:10: fatal error: sasl/sasl.h: No such file or directory
    3 | #include <sasl/sasl.h>
      |          ^~~~~~~~~~~~~
compilation terminated.
source: 
#include <stddef.h>
#include <sasl/sasl.h>

DBG 68708: libsasl: Check for static library (libs -lsasl, arfile variable STATIC_LIB_libsasl=, static filenames )
DBG 68708: Compile check libsasl (WITH_SASL_CYRUS) (sub=0): gcc  -g -O2 -fPIC -Wall -Wsign-compare -Wfloat-equal -Wpointer-arith -Wcast-align -Wall -Werror _mkltmp5ZOEsG.c -o _mkltmp5ZOEsG.c.o  -L/home/linux/Documents/github/kafka-smarthome/node_modules/node-rdkafka/build/deps -lsasl -lssl -lcrypto -lcrypto -lz -ldl -lpthread -lrt -lpthread -lrt
DBG 68708: compile check for libsasl (WITH_SASL_CYRUS) failed: gcc  -g -O2 -fPIC -Wall -Wsign-compare -Wfloat-equal -Wpointer-arith -Wcast-align -Wall -Werror _mkltmp5ZOEsG.c -o _mkltmp5ZOEsG.c.o  -L/home/linux/Documents/github/kafka-smarthome/node_modules/node-rdkafka/build/deps -lsasl -lssl -lcrypto -lcrypto -lz -ldl -lpthread -lrt -lpthread -lrt: _mkltmp5ZOEsG.c:3:10: fatal error: sasl/sasl.h: No such file or directory
    3 | #include <sasl/sasl.h>
      |          ^~~~~~~~~~~~~
compilation terminated.
DBG 68708: Setting libsasl (libsasl) status to failed (action disable)
DBG 68708: Check libsasl (WITH_SASL_CYRUS, action disable (originally disable)) failed: compile check failed:
CC: CC
flags: -lsasl
gcc  -g -O2 -fPIC -Wall -Wsign-compare -Wfloat-equal -Wpointer-arith -Wcast-align -Wall -Werror _mkltmp5ZOEsG.c -o _mkltmp5ZOEsG.c.o  -L/home/linux/Documents/github/kafka-smarthome/node_modules/node-rdkafka/build/deps -lsasl -lssl -lcrypto -lcrypto -lz -ldl -lpthread -lrt -lpthread -lrt:
_mkltmp5ZOEsG.c:3:10: fatal error: sasl/sasl.h: No such file or directory
    3 | #include <sasl/sasl.h>
      |          ^~~~~~~~~~~~~
compilation terminated.
source: 
#include <stddef.h>
#include <sasl/sasl.h>

DBG 68708: libzstd: Check for static library (libs -lzstd, arfile variable STATIC_LIB_libzstd=, static filenames libzstd.a)
DBG 68708: Compile check libzstd (WITH_ZSTD) (sub=0): gcc  -g -O2 -fPIC -Wall -Wsign-compare -Wfloat-equal -Wpointer-arith -Wcast-align -Wall -Werror _mkltmpgl3Ri8.c -o _mkltmpgl3Ri8.c.o  -L/home/linux/Documents/github/kafka-smarthome/node_modules/node-rdkafka/build/deps -lzstd -lssl -lcrypto -lcrypto -lz -ldl -lpthread -lrt -lpthread -lrt
DBG 68708: compile check for libzstd (WITH_ZSTD) failed: gcc  -g -O2 -fPIC -Wall -Wsign-compare -Wfloat-equal -Wpointer-arith -Wcast-align -Wall -Werror _mkltmpgl3Ri8.c -o _mkltmpgl3Ri8.c.o  -L/home/linux/Documents/github/kafka-smarthome/node_modules/node-rdkafka/build/deps -lzstd -lssl -lcrypto -lcrypto -lz -ldl -lpthread -lrt -lpthread -lrt: _mkltmpgl3Ri8.c:2:10: fatal error: zstd.h: No such file or directory
    2 | #include <zstd.h>
      |          ^~~~~~~~
compilation terminated.
DBG 68708: Setting libzstd (libzstd) status to failed (action disable)
DBG 68708: Check libzstd (WITH_ZSTD, action disable (originally disable)) failed: compile check failed:
CC: CC
flags: -lzstd
gcc  -g -O2 -fPIC -Wall -Wsign-compare -Wfloat-equal -Wpointer-arith -Wcast-align -Wall -Werror _mkltmpgl3Ri8.c -o _mkltmpgl3Ri8.c.o  -L/home/linux/Documents/github/kafka-smarthome/node_modules/node-rdkafka/build/deps -lzstd -lssl -lcrypto -lcrypto -lz -ldl -lpthread -lrt -lpthread -lrt:
_mkltmpgl3Ri8.c:2:10: fatal error: zstd.h: No such file or directory
    2 | #include <zstd.h>
      |          ^~~~~~~~
compilation terminated.
source: 
#include <zstd.h>
#include <zstd_errors.h>

void foo (void) {
     ZSTD_getFrameContentSize(NULL, 0);
}

DBG 68708: libcurl: Check for static library (libs -lcurl, arfile variable STATIC_LIB_libcurl=, static filenames libcurl.a)
DBG 68708: Compile check libcurl (WITH_CURL) (sub=0): gcc  -g -O2 -fPIC -Wall -Wsign-compare -Wfloat-equal -Wpointer-arith -Wcast-align -Wall -Werror _mkltmpEcZtfQ.c -o _mkltmpEcZtfQ.c.o  -L/home/linux/Documents/github/kafka-smarthome/node_modules/node-rdkafka/build/deps -lcurl -lssl -lcrypto -lcrypto -lz -ldl -lpthread -lrt -lpthread -lrt
DBG 68708: compile check for libcurl (WITH_CURL) failed: gcc  -g -O2 -fPIC -Wall -Wsign-compare -Wfloat-equal -Wpointer-arith -Wcast-align -Wall -Werror _mkltmpEcZtfQ.c -o _mkltmpEcZtfQ.c.o  -L/home/linux/Documents/github/kafka-smarthome/node_modules/node-rdkafka/build/deps -lcurl -lssl -lcrypto -lcrypto -lz -ldl -lpthread -lrt -lpthread -lrt: _mkltmpEcZtfQ.c:2:10: fatal error: curl/curl.h: No such file or directory
    2 | #include <curl/curl.h>
      |          ^~~~~~~~~~~~~
compilation terminated.
DBG 68708: Setting libcurl (libcurl) status to failed (action disable)
DBG 68708: Check libcurl (WITH_CURL, action disable (originally disable)) failed: compile check failed:
CC: CC
flags: -lcurl
gcc  -g -O2 -fPIC -Wall -Wsign-compare -Wfloat-equal -Wpointer-arith -Wcast-align -Wall -Werror _mkltmpEcZtfQ.c -o _mkltmpEcZtfQ.c.o  -L/home/linux/Documents/github/kafka-smarthome/node_modules/node-rdkafka/build/deps -lcurl -lssl -lcrypto -lcrypto -lz -ldl -lpthread -lrt -lpthread -lrt:
_mkltmpEcZtfQ.c:2:10: fatal error: curl/curl.h: No such file or directory
    2 | #include <curl/curl.h>
      |          ^~~~~~~~~~~~~
compilation terminated.
source: 
#include <curl/curl.h>

void foo (void) {
     curl_global_init(CURL_GLOBAL_DEFAULT);
}

DBG 68708: libm: Check for static library (libs -lm, arfile variable STATIC_LIB_libm=, static filenames )
DBG 68708: Compile check libm () (sub=0): gcc  -g -O2 -fPIC -Wall -Wsign-compare -Wfloat-equal -Wpointer-arith -Wcast-align -Wall -Werror _mkltmpdGC19w.c -o _mkltmpdGC19w.c.o  -L/home/linux/Documents/github/kafka-smarthome/node_modules/node-rdkafka/build/deps -lm -lssl -lcrypto -lcrypto -lz -ldl -lpthread -lrt -lpthread -lrt
DBG 68708: Setting libm (libm) status to ok (action disable)
DBG 68708: libm: from lib_check: LIBS: prepend -lm
DBG 68708: liblz4: Check for static library (libs -llz4, arfile variable STATIC_LIB_liblz4=, static filenames liblz4.a)
DBG 68708: Compile check liblz4 (WITH_LZ4_EXT) (sub=0): gcc  -g -O2 -fPIC -Wall -Wsign-compare -Wfloat-equal -Wpointer-arith -Wcast-align -Wall -Werror _mkltmpX68jWg.c -o _mkltmpX68jWg.c.o  -L/home/linux/Documents/github/kafka-smarthome/node_modules/node-rdkafka/build/deps -llz4 -lm -lssl -lcrypto -lcrypto -lz -ldl -lpthread -lrt -lpthread -lrt
DBG 68708: compile check for liblz4 (WITH_LZ4_EXT) failed: gcc  -g -O2 -fPIC -Wall -Wsign-compare -Wfloat-equal -Wpointer-arith -Wcast-align -Wall -Werror _mkltmpX68jWg.c -o _mkltmpX68jWg.c.o  -L/home/linux/Documents/github/kafka-smarthome/node_modules/node-rdkafka/build/deps -llz4 -lm -lssl -lcrypto -lcrypto -lz -ldl -lpthread -lrt -lpthread -lrt: _mkltmpX68jWg.c:1:10: fatal error: lz4frame.h: No such file or directory
    1 | #include <lz4frame.h>
      |          ^~~~~~~~~~~~
compilation terminated.
DBG 68708: Setting liblz4 (liblz4) status to failed (action disable)
DBG 68708: Check liblz4 (WITH_LZ4_EXT, action disable (originally disable)) failed: compile check failed:
CC: CC
flags: -llz4
gcc  -g -O2 -fPIC -Wall -Wsign-compare -Wfloat-equal -Wpointer-arith -Wcast-align -Wall -Werror _mkltmpX68jWg.c -o _mkltmpX68jWg.c.o  -L/home/linux/Documents/github/kafka-smarthome/node_modules/node-rdkafka/build/deps -llz4 -lm -lssl -lcrypto -lcrypto -lz -ldl -lpthread -lrt -lpthread -lrt:
_mkltmpX68jWg.c:1:10: fatal error: lz4frame.h: No such file or directory
    1 | #include <lz4frame.h>
      |          ^~~~~~~~~~~~
compilation terminated.
source: #include <lz4frame.h>
DBG 68708: Compile check syslog (WITH_SYSLOG) (sub=0): gcc  -g -O2 -fPIC -Wall -Wsign-compare -Wfloat-equal -Wpointer-arith -Wcast-align -Wall -Werror _mkltmpPXykxE.c -o _mkltmpPXykxE.c.o  -L/home/linux/Documents/github/kafka-smarthome/node_modules/node-rdkafka/build/deps  -lm -lssl -lcrypto -lcrypto -lz -ldl -lpthread -lrt -lpthread -lrt
DBG 68708: Setting syslog (syslog) status to ok (action disable)
DBG 68708: Compile check rapidjson (WITH_RAPIDJSON) (sub=0): g++  -g -O2 -fPIC -Wall -Wsign-compare -Wfloat-equal -Wpointer-arith -Wcast-align -Wall -Werror _mkltmpXYjA7K.cpp -o _mkltmpXYjA7K.cpp.o  -L/home/linux/Documents/github/kafka-smarthome/node_modules/node-rdkafka/build/deps  -lm -lssl -lcrypto -lcrypto -lz -ldl -lpthread -lrt -lpthread -lrt
DBG 68708: compile check for rapidjson (WITH_RAPIDJSON) failed: g++  -g -O2 -fPIC -Wall -Wsign-compare -Wfloat-equal -Wpointer-arith -Wcast-align -Wall -Werror _mkltmpXYjA7K.cpp -o _mkltmpXYjA7K.cpp.o  -L/home/linux/Documents/github/kafka-smarthome/node_modules/node-rdkafka/build/deps  -lm -lssl -lcrypto -lcrypto -lz -ldl -lpthread -lrt -lpthread -lrt: _mkltmpXYjA7K.cpp:1:10: fatal error: rapidjson/schema.h: No such file or directory
    1 | #include <rapidjson/schema.h>
      |          ^~~~~~~~~~~~~~~~~~~~
compilation terminated.
DBG 68708: Setting rapidjson (rapidjson) status to failed (action disable)
DBG 68708: Check rapidjson (WITH_RAPIDJSON, action disable (originally disable)) failed: compile check failed:
CC: CXX
flags: 
g++  -g -O2 -fPIC -Wall -Wsign-compare -Wfloat-equal -Wpointer-arith -Wcast-align -Wall -Werror _mkltmpXYjA7K.cpp -o _mkltmpXYjA7K.cpp.o  -L/home/linux/Documents/github/kafka-smarthome/node_modules/node-rdkafka/build/deps  -lm -lssl -lcrypto -lcrypto -lz -ldl -lpthread -lrt -lpthread -lrt:
_mkltmpXYjA7K.cpp:1:10: fatal error: rapidjson/schema.h: No such file or directory
    1 | #include <rapidjson/schema.h>
      |          ^~~~~~~~~~~~~~~~~~~~
compilation terminated.
source: #include <rapidjson/schema.h>
DBG 68708: Compile check crc32chw (WITH_CRC32C_HW) (sub=0): gcc  -g -O2 -fPIC -Wall -Wsign-compare -Wfloat-equal -Wpointer-arith -Wcast-align -Wall -Werror _mkltmpa0oDkz.c -o _mkltmpa0oDkz.c.o  -L/home/linux/Documents/github/kafka-smarthome/node_modules/node-rdkafka/build/deps  -lm -lssl -lcrypto -lcrypto -lz -ldl -lpthread -lrt -lpthread -lrt
DBG 68708: Setting crc32chw (crc32chw) status to ok (action disable)
DBG 68708: Compile check regex (HAVE_REGEX) (sub=0): gcc  -g -O2 -fPIC -Wall -Wsign-compare -Wfloat-equal -Wpointer-arith -Wcast-align -Wall -Werror _mkltmpvMOu3e.c -o _mkltmpvMOu3e.c.o  -L/home/linux/Documents/github/kafka-smarthome/node_modules/node-rdkafka/build/deps  -lm -lssl -lcrypto -lcrypto -lz -ldl -lpthread -lrt -lpthread -lrt
DBG 68708: Setting regex (regex) status to ok (action disable)
DBG 68708: Compile check rand_r (HAVE_RAND_R) (sub=0): gcc  -g -O2 -fPIC -Wall -Wsign-compare -Wfloat-equal -Wpointer-arith -Wcast-align -Wall -Werror _mkltmpfOMTpV.c -o _mkltmpfOMTpV.c.o  -L/home/linux/Documents/github/kafka-smarthome/node_modules/node-rdkafka/build/deps  -lm -lssl -lcrypto -lcrypto -lz -ldl -lpthread -lrt -lpthread -lrt
DBG 68708: Setting rand_r (rand_r) status to ok (action disable)
DBG 68708: Compile check strndup (HAVE_STRNDUP) (sub=0): gcc  -g -O2 -fPIC -Wall -Wsign-compare -Wfloat-equal -Wpointer-arith -Wcast-align -Wall -Werror _mkltmpYwybsg.c -o _mkltmpYwybsg.c.o  -L/home/linux/Documents/github/kafka-smarthome/node_modules/node-rdkafka/build/deps  -lm -lssl -lcrypto -lcrypto -lz -ldl -lpthread -lrt -lpthread -lrt
DBG 68708: Setting strndup (strndup) status to ok (action disable)
DBG 68708: Compile check strlcpy (HAVE_STRLCPY) (sub=0): gcc  -g -O2 -fPIC -Wall -Wsign-compare -Wfloat-equal -Wpointer-arith -Wcast-align -Wall -Werror _mkltmpmLFoEy.c -o _mkltmpmLFoEy.c.o  -L/home/linux/Documents/github/kafka-smarthome/node_modules/node-rdkafka/build/deps  -lm -lssl -lcrypto -lcrypto -lz -ldl -lpthread -lrt -lpthread -lrt
DBG 68708: compile check for strlcpy (HAVE_STRLCPY) failed: gcc  -g -O2 -fPIC -Wall -Wsign-compare -Wfloat-equal -Wpointer-arith -Wcast-align -Wall -Werror _mkltmpmLFoEy.c -o _mkltmpmLFoEy.c.o  -L/home/linux/Documents/github/kafka-smarthome/node_modules/node-rdkafka/build/deps  -lm -lssl -lcrypto -lcrypto -lz -ldl -lpthread -lrt -lpthread -lrt: _mkltmpmLFoEy.c: In function ‘foo’:
_mkltmpmLFoEy.c:6:11: error: implicit declaration of function ‘strlcpy’; did you mean ‘strncpy’? [-Werror=implicit-function-declaration]
    6 |    return strlcpy(dest, "something", sizeof(dest));
      |           ^~~~~~~
      |           strncpy
cc1: all warnings being treated as errors
DBG 68708: Setting strlcpy (strlcpy) status to failed (action disable)
DBG 68708: Check strlcpy (HAVE_STRLCPY, action disable (originally disable)) failed: compile check failed:
CC: CC
flags: 
gcc  -g -O2 -fPIC -Wall -Wsign-compare -Wfloat-equal -Wpointer-arith -Wcast-align -Wall -Werror _mkltmpmLFoEy.c -o _mkltmpmLFoEy.c.o  -L/home/linux/Documents/github/kafka-smarthome/node_modules/node-rdkafka/build/deps  -lm -lssl -lcrypto -lcrypto -lz -ldl -lpthread -lrt -lpthread -lrt:
_mkltmpmLFoEy.c: In function ‘foo’:
_mkltmpmLFoEy.c:6:11: error: implicit declaration of function ‘strlcpy’; did you mean ‘strncpy’? [-Werror=implicit-function-declaration]
    6 |    return strlcpy(dest, "something", sizeof(dest));
      |           ^~~~~~~
      |           strncpy
cc1: all warnings being treated as errors
source: 
#define _DARWIN_C_SOURCE
#include <string.h>
int foo (void) {
    char dest[4];
   return strlcpy(dest, "something", sizeof(dest));
}
DBG 68708: Compile check strerror_r (HAVE_STRERROR_R) (sub=0): gcc  -g -O2 -fPIC -Wall -Wsign-compare -Wfloat-equal -Wpointer-arith -Wcast-align -Wall -Werror _mkltmp8ecwBP.c -o _mkltmp8ecwBP.c.o  -L/home/linux/Documents/github/kafka-smarthome/node_modules/node-rdkafka/build/deps  -lm -lssl -lcrypto -lcrypto -lz -ldl -lpthread -lrt -lpthread -lrt
DBG 68708: Setting strerror_r (strerror_r) status to ok (action disable)
DBG 68708: Compile check strcasestr (HAVE_STRCASESTR) (sub=0): gcc  -g -O2 -fPIC -Wall -Wsign-compare -Wfloat-equal -Wpointer-arith -Wcast-align -Wall -Werror _mkltmpcTRruB.c -o _mkltmpcTRruB.c.o  -L/home/linux/Documents/github/kafka-smarthome/node_modules/node-rdkafka/build/deps  -lm -lssl -lcrypto -lcrypto -lz -ldl -lpthread -lrt -lpthread -lrt
DBG 68708: Setting strcasestr (strcasestr) status to ok (action disable)
DBG 68708: Compile check pthread_setname_gnu (HAVE_PTHREAD_SETNAME_GNU) (sub=0): gcc  -g -O2 -fPIC -Wall -Wsign-compare -Wfloat-equal -Wpointer-arith -Wcast-align -Wall -Werror _mkltmpsSYWKH.c -o _mkltmpsSYWKH.c.o  -L/home/linux/Documents/github/kafka-smarthome/node_modules/node-rdkafka/build/deps -D_GNU_SOURCE -lpthread -lm -lssl -lcrypto -lcrypto -lz -ldl -lpthread -lrt -lpthread -lrt
DBG 68708: Setting pthread_setname_gnu (pthread_setname_gnu) status to ok (action disable)
DBG 68708: Setting nm (nm) status to ok (action cont)
DBG 68708: Setting python3 (python3) status to ok (action disable)
DBG 68708: Compile check getrusage (HAVE_GETRUSAGE) (sub=0): gcc  -g -O2 -fPIC -Wall -Wsign-compare -Wfloat-equal -Wpointer-arith -Wcast-align -Wall -Werror _mkltmplzDQKh.c -o _mkltmplzDQKh.c.o  -L/home/linux/Documents/github/kafka-smarthome/node_modules/node-rdkafka/build/deps  -lm -lssl -lcrypto -lcrypto -lz -ldl -lpthread -lrt -lpthread -lrt
DBG 68708: Setting getrusage (getrusage) status to ok (action disable)
